TN:
SF:src/supervisor.ts
FN:29,(anonymous_1)
FN:65,(anonymous_2)
FN:106,(anonymous_3)
FN:108,(anonymous_4)
FN:117,(anonymous_5)
FN:124,(anonymous_6)
FN:124,(anonymous_7)
FN:125,(anonymous_8)
FN:137,(anonymous_9)
FN:140,(anonymous_10)
FN:142,(anonymous_11)
FN:167,(anonymous_12)
FN:169,(anonymous_13)
FN:180,(anonymous_14)
FN:181,(anonymous_15)
FN:200,(anonymous_16)
FN:225,(anonymous_17)
FN:235,(anonymous_18)
FN:263,(anonymous_19)
FN:267,(anonymous_20)
FN:291,(anonymous_21)
FN:299,(anonymous_22)
FN:309,(anonymous_23)
FN:313,(anonymous_24)
FN:316,(anonymous_25)
FN:326,(anonymous_26)
FN:327,(anonymous_27)
FN:340,(anonymous_28)
FN:356,(anonymous_29)
FNF:29
FNH:27
FNDA:25,(anonymous_1)
FNDA:84,(anonymous_2)
FNDA:1,(anonymous_3)
FNDA:4,(anonymous_4)
FNDA:0,(anonymous_5)
FNDA:173,(anonymous_6)
FNDA:346,(anonymous_7)
FNDA:27,(anonymous_8)
FNDA:3,(anonymous_9)
FNDA:3,(anonymous_10)
FNDA:1,(anonymous_11)
FNDA:6,(anonymous_12)
FNDA:6,(anonymous_13)
FNDA:8,(anonymous_14)
FNDA:16,(anonymous_15)
FNDA:1,(anonymous_16)
FNDA:2,(anonymous_17)
FNDA:0,(anonymous_18)
FNDA:1,(anonymous_19)
FNDA:2,(anonymous_20)
FNDA:9,(anonymous_21)
FNDA:1,(anonymous_22)
FNDA:2,(anonymous_23)
FNDA:2,(anonymous_24)
FNDA:87,(anonymous_25)
FNDA:13,(anonymous_26)
FNDA:26,(anonymous_27)
FNDA:3,(anonymous_28)
FNDA:16,(anonymous_29)
DA:1,1
DA:2,1
DA:3,1
DA:5,1
DA:6,1
DA:7,1
DA:24,1
DA:25,25
DA:26,25
DA:27,25
DA:30,25
DA:37,25
DA:47,25
DA:62,25
DA:72,84
DA:73,1
DA:77,1
DA:79,83
DA:84,83
DA:85,82
DA:90,82
DA:106,82
DA:107,1
DA:108,4
DA:110,1
DA:114,1
DA:117,82
DA:118,0
DA:120,82
DA:123,83
DA:124,346
DA:125,27
DA:127,83
DA:133,83
DA:138,3
DA:140,3
DA:141,3
DA:142,1
DA:143,1
DA:144,1
DA:147,2
DA:148,1
DA:159,2
DA:161,1
DA:162,1
DA:168,6
DA:169,6
DA:171,6
DA:172,6
DA:176,6
DA:180,6
DA:181,8
DA:182,16
DA:184,8
DA:186,8
DA:189,8
DA:192,6
DA:194,6
DA:195,1
DA:199,1
DA:200,1
DA:202,1
DA:203,1
DA:206,5
DA:207,2
DA:212,2
DA:216,2
DA:220,2
DA:223,3
DA:224,1
DA:225,2
DA:229,3
DA:230,0
DA:235,0
DA:236,0
DA:241,0
DA:244,3
DA:245,3
DA:246,2
DA:249,2
DA:250,2
DA:255,1
DA:264,1
DA:268,2
DA:273,2
DA:277,2
DA:278,2
DA:284,2
DA:292,9
DA:293,9
DA:294,8
DA:297,9
DA:299,1
DA:302,8
DA:310,2
DA:311,2
DA:313,2
DA:317,87
DA:318,87
DA:319,8
DA:325,8
DA:327,13
DA:328,26
DA:332,8
DA:333,5
DA:337,5
DA:340,3
DA:341,3
DA:342,3
DA:343,3
DA:348,0
DA:357,16
LF:112
LH:106
BRDA:72,0,0,1
BRDA:72,0,1,83
BRDA:141,1,0,1
BRDA:141,1,1,2
BRDA:147,2,0,1
BRDA:147,2,1,1
BRDA:159,3,0,1
BRDA:159,3,1,1
BRDA:159,4,0,2
BRDA:159,4,1,1
BRDA:161,5,0,1
BRDA:161,5,1,0
BRDA:171,6,0,6
BRDA:171,6,1,0
BRDA:189,7,0,8
BRDA:189,7,1,5
BRDA:189,7,2,5
BRDA:194,8,0,1
BRDA:194,8,1,5
BRDA:202,9,0,1
BRDA:202,9,1,0
BRDA:206,10,0,2
BRDA:206,10,1,3
BRDA:223,11,0,1
BRDA:223,11,1,2
BRDA:223,12,0,3
BRDA:223,12,1,1
BRDA:229,13,0,0
BRDA:229,13,1,3
BRDA:245,14,0,2
BRDA:245,14,1,1
BRDA:292,15,0,0
BRDA:292,15,1,9
BRDA:293,16,0,8
BRDA:293,16,1,1
BRDA:297,17,0,8
BRDA:297,17,1,1
BRDA:310,18,0,0
BRDA:310,18,1,2
BRDA:310,19,0,2
BRDA:310,19,1,2
BRDA:318,20,0,79
BRDA:318,20,1,8
BRDA:318,21,0,87
BRDA:318,21,1,8
BRDA:327,22,0,13
BRDA:327,22,1,3
BRDA:332,23,0,5
BRDA:332,23,1,3
BRDA:357,24,0,16
BRDA:357,24,1,15
BRDA:357,24,2,14
BRF:52
BRH:46
end_of_record
TN:
SF:src/configs/env.ts
FNF:0
FNH:0
DA:1,1
DA:2,1
DA:4,1
DA:6,1
LF:4
LH:4
BRF:0
BRH:0
end_of_record
TN:
SF:src/configs/worker.ts
FNF:0
FNH:0
DA:2,0
DA:3,0
LF:2
LH:0
BRDA:9,0,0,0
BRDA:9,0,1,0
BRDA:10,1,0,0
BRDA:10,1,1,0
BRDA:11,2,0,0
BRDA:11,2,1,0
BRDA:19,3,0,0
BRDA:19,3,1,0
BRDA:20,4,0,0
BRDA:20,4,1,0
BRDA:28,5,0,0
BRDA:28,5,1,0
BRDA:29,6,0,0
BRDA:29,6,1,0
BRDA:30,7,0,0
BRDA:30,7,1,0
BRDA:31,8,0,0
BRDA:31,8,1,0
BRF:18
BRH:0
end_of_record
TN:
SF:src/utils/Imdempotent.ts
FN:5,(anonymous_0)
FN:9,(anonymous_1)
FN:13,(anonymous_2)
FN:15,(anonymous_3)
FN:22,(anonymous_4)
FN:27,(anonymous_5)
FNF:6
FNH:0
FNDA:0,(anonymous_0)
FNDA:0,(anonymous_1)
FNDA:0,(anonymous_2)
FNDA:0,(anonymous_3)
FNDA:0,(anonymous_4)
FNDA:0,(anonymous_5)
DA:1,0
DA:2,0
DA:4,0
DA:6,0
DA:9,0
DA:10,0
DA:14,0
DA:16,0
DA:17,0
DA:19,0
DA:23,0
DA:28,0
LF:12
LH:0
BRDA:7,0,0,0
BRDA:7,0,1,0
BRDA:16,1,0,0
BRDA:16,1,1,0
BRF:4
BRH:0
end_of_record
TN:
SF:src/utils/handleMessage.ts
FN:10,sendMessage
FN:14,sendMessagetoSupervisor
FNF:2
FNH:0
FNDA:0,sendMessage
FNDA:0,sendMessagetoSupervisor
DA:1,0
DA:10,0
DA:11,0
DA:12,0
DA:14,0
DA:21,0
LF:6
LH:0
BRDA:10,0,0,0
BRDA:18,1,0,0
BRF:2
BRH:0
end_of_record
TN:
SF:src/utils/log.ts
FN:3,log
FNF:1
FNH:0
FNDA:0,log
DA:1,1
DA:3,1
DA:4,0
DA:5,0
DA:7,0
DA:8,0
DA:10,0
DA:11,0
DA:13,0
DA:14,0
DA:16,0
DA:17,0
DA:19,0
DA:20,0
LF:14
LH:2
BRDA:3,0,0,0
BRDA:5,1,0,0
BRDA:5,1,1,0
BRDA:5,1,2,0
BRDA:5,1,3,0
BRDA:5,1,4,0
BRF:6
BRH:0
end_of_record
TN:
SF:src/workers/DatabaseInteractionWorker.ts
FN:13,(anonymous_10)
FN:16,(anonymous_11)
FN:22,(anonymous_12)
FN:24,(anonymous_13)
FN:36,(anonymous_14)
FN:39,(anonymous_15)
FN:43,(anonymous_16)
FN:44,(anonymous_17)
FN:46,(anonymous_18)
FN:56,(anonymous_19)
FN:58,(anonymous_20)
FN:71,(anonymous_21)
FN:72,(anonymous_22)
FN:96,(anonymous_23)
FN:106,(anonymous_24)
FN:121,(anonymous_25)
FN:122,(anonymous_26)
FN:139,(anonymous_27)
FNF:18
FNH:0
FNDA:0,(anonymous_10)
FNDA:0,(anonymous_11)
FNDA:0,(anonymous_12)
FNDA:0,(anonymous_13)
FNDA:0,(anonymous_14)
FNDA:0,(anonymous_15)
FNDA:0,(anonymous_16)
FNDA:0,(anonymous_17)
FNDA:0,(anonymous_18)
FNDA:0,(anonymous_19)
FNDA:0,(anonymous_20)
FNDA:0,(anonymous_21)
FNDA:0,(anonymous_22)
FNDA:0,(anonymous_23)
FNDA:0,(anonymous_24)
FNDA:0,(anonymous_25)
FNDA:0,(anonymous_26)
FNDA:0,(anonymous_27)
DA:1,0
DA:2,0
DA:3,0
DA:5,0
DA:6,0
DA:8,0
DA:9,0
DA:10,0
DA:11,0
DA:14,0
DA:16,0
DA:17,0
DA:23,0
DA:25,0
DA:37,0
DA:40,0
DA:41,0
DA:43,0
DA:44,0
DA:46,0
DA:47,0
DA:49,0
DA:51,0
DA:58,0
DA:59,0
DA:60,0
DA:61,0
DA:62,0
DA:67,0
DA:69,0
DA:70,0
DA:71,0
DA:72,0
DA:73,0
DA:74,0
DA:75,0
DA:76,0
DA:77,0
DA:78,0
DA:79,0
DA:80,0
DA:90,0
DA:97,0
DA:98,0
DA:99,0
DA:100,0
DA:102,0
DA:103,0
DA:107,0
DA:108,0
DA:109,0
DA:110,0
DA:111,0
DA:113,0
DA:114,0
DA:117,0
DA:118,0
DA:122,0
DA:123,0
DA:124,0
DA:125,0
DA:130,0
DA:131,0
DA:132,0
DA:134,0
DA:135,0
DA:140,0
DA:141,0
DA:142,0
DA:143,0
DA:145,0
DA:146,0
DA:148,0
DA:154,0
DA:155,0
DA:156,0
DA:164,0
DA:169,0
LF:78
LH:0
BRDA:9,0,0,0
BRDA:9,0,1,0
BRDA:10,1,0,0
BRDA:10,1,1,0
BRDA:11,2,0,0
BRDA:11,2,1,0
BRDA:60,3,0,0
BRDA:60,3,1,0
BRDA:79,4,0,0
BRDA:79,4,1,0
BRDA:109,5,0,0
BRDA:109,5,1,0
BRDA:141,6,0,0
BRDA:141,6,1,0
BRDA:141,7,0,0
BRDA:141,7,1,0
BRF:16
BRH:0
end_of_record
TN:
SF:src/workers/RabbitMQWorker.ts
FN:21,(anonymous_10)
FN:24,(anonymous_11)
FN:31,(anonymous_12)
FN:33,(anonymous_13)
FN:46,(anonymous_14)
FN:49,(anonymous_15)
FN:62,(anonymous_16)
FN:68,(anonymous_17)
FN:80,(anonymous_18)
FN:93,(anonymous_19)
FN:112,(anonymous_20)
FN:127,(anonymous_21)
FN:153,(anonymous_22)
FN:182,(anonymous_23)
FN:184,(anonymous_24)
FN:190,(anonymous_25)
FN:191,(anonymous_26)
FN:196,(anonymous_27)
FN:202,(anonymous_28)
FNF:19
FNH:0
FNDA:0,(anonymous_10)
FNDA:0,(anonymous_11)
FNDA:0,(anonymous_12)
FNDA:0,(anonymous_13)
FNDA:0,(anonymous_14)
FNDA:0,(anonymous_15)
FNDA:0,(anonymous_16)
FNDA:0,(anonymous_17)
FNDA:0,(anonymous_18)
FNDA:0,(anonymous_19)
FNDA:0,(anonymous_20)
FNDA:0,(anonymous_21)
FNDA:0,(anonymous_22)
FNDA:0,(anonymous_23)
FNDA:0,(anonymous_24)
FNDA:0,(anonymous_25)
FNDA:0,(anonymous_26)
FNDA:0,(anonymous_27)
FNDA:0,(anonymous_28)
DA:1,0
DA:4,0
DA:5,0
DA:6,0
DA:7,0
DA:8,0
DA:10,0
DA:12,0
DA:14,0
DA:15,0
DA:18,0
DA:22,0
DA:23,0
DA:24,0
DA:25,0
DA:32,0
DA:34,0
DA:47,0
DA:50,0
DA:51,0
DA:52,0
DA:54,0
DA:58,0
DA:62,0
DA:63,0
DA:68,0
DA:69,0
DA:75,0
DA:80,0
DA:81,0
DA:87,0
DA:92,0
DA:93,0
DA:94,0
DA:99,0
DA:103,0
DA:105,0
DA:109,0
DA:113,0
DA:114,0
DA:115,0
DA:117,0
DA:118,0
DA:121,0
DA:125,0
DA:128,0
DA:129,0
DA:130,0
DA:131,0
DA:137,0
DA:157,0
DA:158,0
DA:159,0
DA:162,0
DA:163,0
DA:165,0
DA:173,0
DA:179,0
DA:183,0
DA:184,0
DA:185,0
DA:186,0
DA:190,0
DA:191,0
DA:192,0
DA:193,0
DA:195,0
DA:197,0
DA:203,0
DA:216,0
DA:220,0
DA:225,0
LF:72
LH:0
BRDA:23,0,0,0
BRDA:23,0,1,0
BRDA:51,1,0,0
BRDA:51,1,1,0
BRDA:72,2,0,0
BRDA:72,2,1,0
BRDA:113,3,0,0
BRDA:113,3,1,0
BRDA:128,4,0,0
BRDA:128,4,1,0
BRDA:130,5,0,0
BRDA:130,5,1,0
BRDA:137,6,0,0
BRDA:137,6,1,0
BRDA:155,7,0,0
BRDA:162,8,0,0
BRDA:162,8,1,0
BRF:17
BRH:0
end_of_record
TN:
SF:src/workers/RestApiWorker.ts
FN:25,(anonymous_14)
FN:27,(anonymous_15)
FN:35,(anonymous_16)
FN:37,(anonymous_17)
FN:50,(anonymous_18)
FN:53,(anonymous_19)
FN:70,(anonymous_20)
FN:72,(anonymous_21)
FN:79,(anonymous_22)
FN:82,(anonymous_23)
FN:100,(anonymous_24)
FN:120,(anonymous_25)
FN:121,(anonymous_26)
FN:131,(anonymous_27)
FN:153,(anonymous_28)
FN:154,(anonymous_29)
FN:162,(anonymous_30)
FN:179,(anonymous_31)
FN:203,(anonymous_32)
FN:237,(anonymous_33)
FN:320,(anonymous_34)
FNF:21
FNH:0
FNDA:0,(anonymous_14)
FNDA:0,(anonymous_15)
FNDA:0,(anonymous_16)
FNDA:0,(anonymous_17)
FNDA:0,(anonymous_18)
FNDA:0,(anonymous_19)
FNDA:0,(anonymous_20)
FNDA:0,(anonymous_21)
FNDA:0,(anonymous_22)
FNDA:0,(anonymous_23)
FNDA:0,(anonymous_24)
FNDA:0,(anonymous_25)
FNDA:0,(anonymous_26)
FNDA:0,(anonymous_27)
FNDA:0,(anonymous_28)
FNDA:0,(anonymous_29)
FNDA:0,(anonymous_30)
FNDA:0,(anonymous_31)
FNDA:0,(anonymous_32)
FNDA:0,(anonymous_33)
FNDA:0,(anonymous_34)
DA:2,0
DA:3,0
DA:4,0
DA:5,0
DA:6,0
DA:7,0
DA:8,0
DA:10,0
DA:20,0
DA:22,0
DA:23,0
DA:24,0
DA:26,0
DA:27,0
DA:28,0
DA:29,0
DA:36,0
DA:38,0
DA:51,0
DA:54,0
DA:55,0
DA:59,0
DA:60,0
DA:61,0
DA:63,0
DA:71,0
DA:72,0
DA:74,0
DA:75,0
DA:79,0
DA:80,0
DA:82,0
DA:83,0
DA:87,0
DA:88,0
DA:89,0
DA:93,0
DA:97,0
DA:101,0
DA:102,0
DA:107,0
DA:112,0
DA:121,0
DA:122,0
DA:123,0
DA:124,0
DA:126,0
DA:127,0
DA:128,0
DA:132,0
DA:133,0
DA:134,0
DA:137,0
DA:139,0
DA:140,0
DA:141,0
DA:143,0
DA:144,0
DA:145,0
DA:154,0
DA:155,0
DA:156,0
DA:162,0
DA:163,0
DA:164,0
DA:168,0
DA:169,0
DA:179,0
DA:180,0
DA:181,0
DA:185,0
DA:186,0
DA:189,0
DA:190,0
DA:191,0
DA:194,0
DA:195,0
DA:199,0
DA:203,0
DA:208,0
DA:214,0
DA:215,0
DA:216,0
DA:220,0
DA:223,0
DA:224,0
DA:227,0
DA:228,0
DA:232,0
DA:237,0
DA:247,0
DA:248,0
DA:249,0
DA:254,0
DA:255,0
DA:256,0
DA:257,0
DA:262,0
DA:263,0
DA:266,0
DA:267,0
DA:271,0
DA:279,0
DA:285,0
DA:287,0
DA:301,0
DA:303,0
DA:304,0
DA:306,0
DA:310,0
DA:316,0
DA:317,0
DA:318,0
DA:319,0
DA:320,0
DA:321,0
LF:116
LH:0
BRDA:122,0,0,0
BRDA:122,0,1,0
BRDA:132,1,0,0
BRDA:132,1,1,0
BRDA:140,2,0,0
BRDA:140,2,1,0
BRDA:140,3,0,0
BRDA:140,3,1,0
BRDA:163,4,0,0
BRDA:163,4,1,0
BRDA:168,5,0,0
BRDA:168,5,1,0
BRDA:190,6,0,0
BRDA:190,6,1,0
BRDA:214,7,0,0
BRDA:214,7,1,0
BRDA:223,8,0,0
BRDA:223,8,1,0
BRDA:255,9,0,0
BRDA:255,9,1,0
BRDA:266,10,0,0
BRDA:266,10,1,0
BRDA:319,11,0,0
BRDA:319,11,1,0
BRF:24
BRH:0
end_of_record
